Build started 28.09.2016 15:56:02.
     1>Project "C:\Users\Ermilin.E\Documents\GitHub\mp2-lab1-set\sln\vc10\bitfield\bitfield.vcxproj" on node 2 (build target(s)).
     1>PrepareForBuild:
         Creating directory "C:\Users\Ermilin.E\Documents\GitHub\mp2-lab1-set\sln\vc10\Debug\".
       InitializeBuildStatus:
         Creating "Debug\bitfield.unsuccessfulbuild" because "AlwaysCreate" was specified.
       ClCompile:
         c:\Program Files (x86)\Microsoft Visual Studio 10.0\VC\bin\CL.exe /c /I../../../include /ZI /nologo /W3 /WX- /Od /Oy- /D WIN32 /D _DEBUG /D _LIB /D _UNICODE /D UNICODE /Gm /EHsc /RTC1 /MDd /GS /fp:precise /Zc:wchar_t /Zc:forScope /Fo"Debug\\" /Fd"Debug\vc100.pdb" /Gd /TP /analyze- /errorReport:prompt ..\..\..\src\tbitfield.cpp ..\..\..\src\tset.cpp
         tset.cpp
         tbitfield.cpp
         Generating Code...
     1>c:\users\ermilin.e\documents\github\mp2-lab1-set\src\tbitfield.cpp(24): error C4716: 'TBitField::GetMemIndex' : must return a value
     1>c:\users\ermilin.e\documents\github\mp2-lab1-set\src\tbitfield.cpp(28): error C4716: 'TBitField::GetMemMask' : must return a value
     1>c:\users\ermilin.e\documents\github\mp2-lab1-set\src\tbitfield.cpp(54): error C4716: 'TBitField::operator=' : must return a value
     1>c:\users\ermilin.e\documents\github\mp2-lab1-set\src\tbitfield.cpp(68): error C4716: 'TBitField::operator|' : must return a value
     1>c:\users\ermilin.e\documents\github\mp2-lab1-set\src\tbitfield.cpp(72): error C4716: 'TBitField::operator&' : must return a value
     1>c:\users\ermilin.e\documents\github\mp2-lab1-set\src\tbitfield.cpp(76): error C4716: 'TBitField::operator~' : must return a value
     1>c:\users\ermilin.e\documents\github\mp2-lab1-set\src\tbitfield.cpp(82): error C4716: 'operator>>' : must return a value
     1>c:\users\ermilin.e\documents\github\mp2-lab1-set\src\tbitfield.cpp(86): error C4716: 'operator<<' : must return a value
     1>c:\users\ermilin.e\documents\github\mp2-lab1-set\src\tset.cpp(26): error C4716: 'TSet::operator TBitField' : must return a value
     1>c:\users\ermilin.e\documents\github\mp2-lab1-set\src\tset.cpp(30): error C4716: 'TSet::GetMaxPower' : must return a value
     1>c:\users\ermilin.e\documents\github\mp2-lab1-set\src\tset.cpp(49): error C4716: 'TSet::operator=' : must return a value
     1>c:\users\ermilin.e\documents\github\mp2-lab1-set\src\tset.cpp(58): error C4716: 'TSet::operator!=' : must return a value
     1>c:\users\ermilin.e\documents\github\mp2-lab1-set\src\tset.cpp(62): error C4716: 'TSet::operator+' : must return a value
     1>c:\users\ermilin.e\documents\github\mp2-lab1-set\src\tset.cpp(66): error C4716: 'TSet::operator+' : must return a value
     1>c:\users\ermilin.e\documents\github\mp2-lab1-set\src\tset.cpp(70): error C4716: 'TSet::operator-' : must return a value
     1>c:\users\ermilin.e\documents\github\mp2-lab1-set\src\tset.cpp(74): error C4716: 'TSet::operator*' : must return a value
     1>c:\users\ermilin.e\documents\github\mp2-lab1-set\src\tset.cpp(78): error C4716: 'TSet::operator~' : must return a value
     1>c:\users\ermilin.e\documents\github\mp2-lab1-set\src\tset.cpp(84): error C4716: 'operator>>' : must return a value
     1>c:\users\ermilin.e\documents\github\mp2-lab1-set\src\tset.cpp(88): error C4716: 'operator<<' : must return a value
     1>Done Building Project "C:\Users\Ermilin.E\Documents\GitHub\mp2-lab1-set\sln\vc10\bitfield\bitfield.vcxproj" (build target(s)) -- FAILED.

Build FAILED.

Time Elapsed 00:00:02.44
